-------------------------------------------------------------------------------
Test set: fr.isep.fizzbuzz.FizzBuzzCucumberTest
-------------------------------------------------------------------------------
Tests run: 100, Failures: 32, Errors: 0, Skipped: 0, Time elapsed: 0.811 s <<< FAILURE! -- in fr.isep.fizzbuzz.FizzBuzzCucumberTest
Examples.Example #1.10 -- Time elapsed: 0.015 s <<< FAILURE!
org.opentest4j.AssertionFailedError: expected: <BuzzBuzz> but was: <Buzz>
	at fr.isep.fizzbuzz.FizzBuzzStepDefinitions.the_result_should_be(FizzBuzzStepDefinitions.java:31)
	at ✽.the result should be "BuzzBuzz"(classpath:features/fizzbuzz.feature:9)

Examples.Example #1.13 -- Time elapsed: 0.009 s <<< FAILURE!
org.opentest4j.AssertionFailedError: expected: <FizzFizz> but was: <Fizz>
	at fr.isep.fizzbuzz.FizzBuzzStepDefinitions.the_result_should_be(FizzBuzzStepDefinitions.java:31)
	at ✽.the result should be "FizzFizz"(classpath:features/fizzbuzz.feature:9)

Examples.Example #1.20 -- Time elapsed: 0.007 s <<< FAILURE!
org.opentest4j.AssertionFailedError: expected: <BuzzBuzz> but was: <Buzz>
	at fr.isep.fizzbuzz.FizzBuzzStepDefinitions.the_result_should_be(FizzBuzzStepDefinitions.java:31)
	at ✽.the result should be "BuzzBuzz"(classpath:features/fizzbuzz.feature:9)

Examples.Example #1.23 -- Time elapsed: 0.005 s <<< FAILURE!
org.opentest4j.AssertionFailedError: expected: <FizzFizz> but was: <Fizz>
	at fr.isep.fizzbuzz.FizzBuzzStepDefinitions.the_result_should_be(FizzBuzzStepDefinitions.java:31)
	at ✽.the result should be "FizzFizz"(classpath:features/fizzbuzz.feature:9)

Examples.Example #1.31 -- Time elapsed: 0.003 s <<< FAILURE!
org.opentest4j.AssertionFailedError: expected: <FizzFizz> but was: <Fizz>
	at fr.isep.fizzbuzz.FizzBuzzStepDefinitions.the_result_should_be(FizzBuzzStepDefinitions.java:31)
	at ✽.the result should be "FizzFizz"(classpath:features/fizzbuzz.feature:9)

Examples.Example #1.32 -- Time elapsed: 0.007 s <<< FAILURE!
org.opentest4j.AssertionFailedError: expected: <FizzFizz> but was: <Fizz>
	at fr.isep.fizzbuzz.FizzBuzzStepDefinitions.the_result_should_be(FizzBuzzStepDefinitions.java:31)
	at ✽.the result should be "FizzFizz"(classpath:features/fizzbuzz.feature:9)

Examples.Example #1.34 -- Time elapsed: 0.006 s <<< FAILURE!
org.opentest4j.AssertionFailedError: expected: <FizzFizz> but was: <Fizz>
	at fr.isep.fizzbuzz.FizzBuzzStepDefinitions.the_result_should_be(FizzBuzzStepDefinitions.java:31)
	at ✽.the result should be "FizzFizz"(classpath:features/fizzbuzz.feature:9)

Examples.Example #1.37 -- Time elapsed: 0.013 s <<< FAILURE!
org.opentest4j.AssertionFailedError: expected: <FizzFizz> but was: <Fizz>
	at fr.isep.fizzbuzz.FizzBuzzStepDefinitions.the_result_should_be(FizzBuzzStepDefinitions.java:31)
	at ✽.the result should be "FizzFizz"(classpath:features/fizzbuzz.feature:9)

Examples.Example #1.38 -- Time elapsed: 0 s <<< FAILURE!
org.opentest4j.AssertionFailedError: expected: <FizzFizz> but was: <Fizz>
	at fr.isep.fizzbuzz.FizzBuzzStepDefinitions.the_result_should_be(FizzBuzzStepDefinitions.java:31)
	at ✽.the result should be "FizzFizz"(classpath:features/fizzbuzz.feature:9)

Examples.Example #1.40 -- Time elapsed: 0 s <<< FAILURE!
org.opentest4j.AssertionFailedError: expected: <BuzzBuzz> but was: <Buzz>
	at fr.isep.fizzbuzz.FizzBuzzStepDefinitions.the_result_should_be(FizzBuzzStepDefinitions.java:31)
	at ✽.the result should be "BuzzBuzz"(classpath:features/fizzbuzz.feature:9)

Examples.Example #1.43 -- Time elapsed: 0.003 s <<< FAILURE!
org.opentest4j.AssertionFailedError: expected: <FizzFizz> but was: <Fizz>
	at fr.isep.fizzbuzz.FizzBuzzStepDefinitions.the_result_should_be(FizzBuzzStepDefinitions.java:31)
	at ✽.the result should be "FizzFizz"(classpath:features/fizzbuzz.feature:9)

Examples.Example #1.50 -- Time elapsed: 0.006 s <<< FAILURE!
org.opentest4j.AssertionFailedError: expected: <BuzzBuzzBuzz> but was: <BuzzBuzz>
	at fr.isep.fizzbuzz.FizzBuzzStepDefinitions.the_result_should_be(FizzBuzzStepDefinitions.java:31)
	at ✽.the result should be "BuzzBuzzBuzz"(classpath:features/fizzbuzz.feature:9)

Examples.Example #1.51 -- Time elapsed: 0.003 s <<< FAILURE!
org.opentest4j.AssertionFailedError: expected: <FizzFizzBuzz> but was: <FizzBuzz>
	at fr.isep.fizzbuzz.FizzBuzzStepDefinitions.the_result_should_be(FizzBuzzStepDefinitions.java:31)
	at ✽.the result should be "FizzFizzBuzz"(classpath:features/fizzbuzz.feature:9)

Examples.Example #1.52 -- Time elapsed: 0.003 s <<< FAILURE!
org.opentest4j.AssertionFailedError: expected: <BuzzBuzz> but was: <Buzz>
	at fr.isep.fizzbuzz.FizzBuzzStepDefinitions.the_result_should_be(FizzBuzzStepDefinitions.java:31)
	at ✽.the result should be "BuzzBuzz"(classpath:features/fizzbuzz.feature:9)

Examples.Example #1.53 -- Time elapsed: 0.007 s <<< FAILURE!
org.opentest4j.AssertionFailedError: expected: <FizzFizzBuzzBuzz> but was: <FizzBuzz>
	at fr.isep.fizzbuzz.FizzBuzzStepDefinitions.the_result_should_be(FizzBuzzStepDefinitions.java:31)
	at ✽.the result should be "FizzFizzBuzzBuzz"(classpath:features/fizzbuzz.feature:9)

Examples.Example #1.54 -- Time elapsed: 0.003 s <<< FAILURE!
org.opentest4j.AssertionFailedError: expected: <FizzFizzBuzz> but was: <FizzBuzz>
	at fr.isep.fizzbuzz.FizzBuzzStepDefinitions.the_result_should_be(FizzBuzzStepDefinitions.java:31)
	at ✽.the result should be "FizzFizzBuzz"(classpath:features/fizzbuzz.feature:9)

Examples.Example #1.56 -- Time elapsed: 0.006 s <<< FAILURE!
org.opentest4j.AssertionFailedError: expected: <BuzzBuzz> but was: <Buzz>
	at fr.isep.fizzbuzz.FizzBuzzStepDefinitions.the_result_should_be(FizzBuzzStepDefinitions.java:31)
	at ✽.the result should be "BuzzBuzz"(classpath:features/fizzbuzz.feature:9)

Examples.Example #1.57 -- Time elapsed: 0.007 s <<< FAILURE!
org.opentest4j.AssertionFailedError: expected: <FizzFizzBuzz> but was: <FizzBuzz>
	at fr.isep.fizzbuzz.FizzBuzzStepDefinitions.the_result_should_be(FizzBuzzStepDefinitions.java:31)
	at ✽.the result should be "FizzFizzBuzz"(classpath:features/fizzbuzz.feature:9)

Examples.Example #1.58 -- Time elapsed: 0.010 s <<< FAILURE!
org.opentest4j.AssertionFailedError: expected: <BuzzBuzz> but was: <Buzz>
	at fr.isep.fizzbuzz.FizzBuzzStepDefinitions.the_result_should_be(FizzBuzzStepDefinitions.java:31)
	at ✽.the result should be "BuzzBuzz"(classpath:features/fizzbuzz.feature:9)

Examples.Example #1.59 -- Time elapsed: 0.003 s <<< FAILURE!
org.opentest4j.AssertionFailedError: expected: <BuzzBuzz> but was: <Buzz>
	at fr.isep.fizzbuzz.FizzBuzzStepDefinitions.the_result_should_be(FizzBuzzStepDefinitions.java:31)
	at ✽.the result should be "BuzzBuzz"(classpath:features/fizzbuzz.feature:9)

Examples.Example #1.60 -- Time elapsed: 0.003 s <<< FAILURE!
org.opentest4j.AssertionFailedError: expected: <FizzBuzzBuzz> but was: <FizzBuzz>
	at fr.isep.fizzbuzz.FizzBuzzStepDefinitions.the_result_should_be(FizzBuzzStepDefinitions.java:31)
	at ✽.the result should be "FizzBuzzBuzz"(classpath:features/fizzbuzz.feature:9)

Examples.Example #1.65 -- Time elapsed: 0.008 s <<< FAILURE!
org.opentest4j.AssertionFailedError: expected: <BuzzBuzzBuzz> but was: <BuzzBuzz>
	at fr.isep.fizzbuzz.FizzBuzzStepDefinitions.the_result_should_be(FizzBuzzStepDefinitions.java:31)
	at ✽.the result should be "BuzzBuzzBuzz"(classpath:features/fizzbuzz.feature:9)

Examples.Example #1.70 -- Time elapsed: 0.007 s <<< FAILURE!
org.opentest4j.AssertionFailedError: expected: <BuzzBuzz> but was: <Buzz>
	at fr.isep.fizzbuzz.FizzBuzzStepDefinitions.the_result_should_be(FizzBuzzStepDefinitions.java:31)
	at ✽.the result should be "BuzzBuzz"(classpath:features/fizzbuzz.feature:9)

Examples.Example #1.73 -- Time elapsed: 0.013 s <<< FAILURE!
org.opentest4j.AssertionFailedError: expected: <FizzFizz> but was: <Fizz>
	at fr.isep.fizzbuzz.FizzBuzzStepDefinitions.the_result_should_be(FizzBuzzStepDefinitions.java:31)
	at ✽.the result should be "FizzFizz"(classpath:features/fizzbuzz.feature:9)

Examples.Example #1.75 -- Time elapsed: 0.004 s <<< FAILURE!
org.opentest4j.AssertionFailedError: expected: <FizzBuzzBuzzBuzz> but was: <FizzBuzzBuzz>
	at fr.isep.fizzbuzz.FizzBuzzStepDefinitions.the_result_should_be(FizzBuzzStepDefinitions.java:31)
	at ✽.the result should be "FizzBuzzBuzzBuzz"(classpath:features/fizzbuzz.feature:9)

Examples.Example #1.78 -- Time elapsed: 0.007 s <<< FAILURE!
org.opentest4j.AssertionFailedError: expected: <FizzFizz> but was: <Fizz>
	at fr.isep.fizzbuzz.FizzBuzzStepDefinitions.the_result_should_be(FizzBuzzStepDefinitions.java:31)
	at ✽.the result should be "FizzFizz"(classpath:features/fizzbuzz.feature:9)

Examples.Example #1.80 -- Time elapsed: 0.002 s <<< FAILURE!
org.opentest4j.AssertionFailedError: expected: <BuzzBuzz> but was: <Buzz>
	at fr.isep.fizzbuzz.FizzBuzzStepDefinitions.the_result_should_be(FizzBuzzStepDefinitions.java:31)
	at ✽.the result should be "BuzzBuzz"(classpath:features/fizzbuzz.feature:9)

Examples.Example #1.83 -- Time elapsed: 0 s <<< FAILURE!
org.opentest4j.AssertionFailedError: expected: <FizzFizz> but was: <Fizz>
	at fr.isep.fizzbuzz.FizzBuzzStepDefinitions.the_result_should_be(FizzBuzzStepDefinitions.java:31)
	at ✽.the result should be "FizzFizz"(classpath:features/fizzbuzz.feature:9)

Examples.Example #1.85 -- Time elapsed: 0.004 s <<< FAILURE!
org.opentest4j.AssertionFailedError: expected: <BuzzBuzzBuzz> but was: <BuzzBuzz>
	at fr.isep.fizzbuzz.FizzBuzzStepDefinitions.the_result_should_be(FizzBuzzStepDefinitions.java:31)
	at ✽.the result should be "BuzzBuzzBuzz"(classpath:features/fizzbuzz.feature:9)

Examples.Example #1.90 -- Time elapsed: 0 s <<< FAILURE!
org.opentest4j.AssertionFailedError: expected: <FizzBuzzBuzz> but was: <FizzBuzz>
	at fr.isep.fizzbuzz.FizzBuzzStepDefinitions.the_result_should_be(FizzBuzzStepDefinitions.java:31)
	at ✽.the result should be "FizzBuzzBuzz"(classpath:features/fizzbuzz.feature:9)

Examples.Example #1.95 -- Time elapsed: 0.014 s <<< FAILURE!
org.opentest4j.AssertionFailedError: expected: <BuzzBuzzBuzz> but was: <BuzzBuzz>
	at fr.isep.fizzbuzz.FizzBuzzStepDefinitions.the_result_should_be(FizzBuzzStepDefinitions.java:31)
	at ✽.the result should be "BuzzBuzzBuzz"(classpath:features/fizzbuzz.feature:9)

Examples.Example #1.100 -- Time elapsed: 0.009 s <<< FAILURE!
org.opentest4j.AssertionFailedError: expected: <BuzzBuzzBuzz> but was: <Buzz>
	at fr.isep.fizzbuzz.FizzBuzzStepDefinitions.the_result_should_be(FizzBuzzStepDefinitions.java:31)
	at ✽.the result should be "BuzzBuzzBuzz"(classpath:features/fizzbuzz.feature:9)

