<?xml version="1.0" encoding="UTF-8"?>
<testsuite xmlns:xsi="http://www.w3.org/2001/XMLSchema-instance" xsi:noNamespaceSchemaLocation="https://maven.apache.org/surefire/maven-surefire-plugin/xsd/surefire-test-report-3.0.xsd" version="3.0" name="fr.isep.fizzbuzz.FizzBuzzCucumberTest" time="0.724" tests="100" errors="0" skipped="0" failures="45">
  <properties>
    <property name="java.specification.version" value="21"/>
    <property name="sun.cpu.isalist" value="amd64"/>
    <property name="sun.jnu.encoding" value="Cp1252"/>
    <property name="java.class.path" value="C:\Users\alibi\dev_env\Cours\FizzBuzz\target\test-classes;C:\Users\alibi\dev_env\Cours\FizzBuzz\target\classes;C:\Users\alibi\.m2\repository\org\junit\jupiter\junit-jupiter\5.10.1\junit-jupiter-5.10.1.jar;C:\Users\alibi\.m2\repository\org\junit\jupiter\junit-jupiter-api\5.10.1\junit-jupiter-api-5.10.1.jar;C:\Users\alibi\.m2\repository\org\opentest4j\opentest4j\1.3.0\opentest4j-1.3.0.jar;C:\Users\alibi\.m2\repository\org\junit\platform\junit-platform-commons\1.10.1\junit-platform-commons-1.10.1.jar;C:\Users\alibi\.m2\repository\org\junit\jupiter\junit-jupiter-params\5.10.1\junit-jupiter-params-5.10.1.jar;C:\Users\alibi\.m2\repository\org\junit\jupiter\junit-jupiter-engine\5.10.1\junit-jupiter-engine-5.10.1.jar;C:\Users\alibi\.m2\repository\io\cucumber\cucumber-java\7.15.0\cucumber-java-7.15.0.jar;C:\Users\alibi\.m2\repository\io\cucumber\cucumber-core\7.15.0\cucumber-core-7.15.0.jar;C:\Users\alibi\.m2\repository\io\cucumber\cucumber-gherkin\7.15.0\cucumber-gherkin-7.15.0.jar;C:\Users\alibi\.m2\repository\io\cucumber\cucumber-gherkin-messages\7.15.0\cucumber-gherkin-messages-7.15.0.jar;C:\Users\alibi\.m2\repository\io\cucumber\gherkin\26.2.0\gherkin-26.2.0.jar;C:\Users\alibi\.m2\repository\io\cucumber\messages\22.0.0\messages-22.0.0.jar;C:\Users\alibi\.m2\repository\io\cucumber\tag-expressions\6.0.0\tag-expressions-6.0.0.jar;C:\Users\alibi\.m2\repository\io\cucumber\cucumber-expressions\17.0.1\cucumber-expressions-17.0.1.jar;C:\Users\alibi\.m2\repository\io\cucumber\datatable\7.15.0\datatable-7.15.0.jar;C:\Users\alibi\.m2\repository\io\cucumber\cucumber-plugin\7.15.0\cucumber-plugin-7.15.0.jar;C:\Users\alibi\.m2\repository\io\cucumber\docstring\7.15.0\docstring-7.15.0.jar;C:\Users\alibi\.m2\repository\io\cucumber\html-formatter\20.4.0\html-formatter-20.4.0.jar;C:\Users\alibi\.m2\repository\io\cucumber\junit-xml-formatter\0.2.0\junit-xml-formatter-0.2.0.jar;C:\Users\alibi\.m2\repository\io\cucumber\ci-environment\10.0.0\ci-environment-10.0.0.jar;C:\Users\alibi\.m2\repository\org\apiguardian\apiguardian-api\1.1.2\apiguardian-api-1.1.2.jar;C:\Users\alibi\.m2\repository\io\cucumber\cucumber-junit-platform-engine\7.15.0\cucumber-junit-platform-engine-7.15.0.jar;C:\Users\alibi\.m2\repository\org\junit\platform\junit-platform-engine\1.10.1\junit-platform-engine-1.10.1.jar;C:\Users\alibi\.m2\repository\org\junit\platform\junit-platform-suite\1.10.1\junit-platform-suite-1.10.1.jar;C:\Users\alibi\.m2\repository\org\junit\platform\junit-platform-suite-api\1.10.1\junit-platform-suite-api-1.10.1.jar;C:\Users\alibi\.m2\repository\org\junit\platform\junit-platform-suite-engine\1.10.1\junit-platform-suite-engine-1.10.1.jar;C:\Users\alibi\.m2\repository\org\junit\platform\junit-platform-suite-commons\1.10.1\junit-platform-suite-commons-1.10.1.jar;C:\Users\alibi\.m2\repository\org\junit\platform\junit-platform-launcher\1.10.1\junit-platform-launcher-1.10.1.jar;"/>
    <property name="java.vm.vendor" value="Oracle Corporation"/>
    <property name="sun.arch.data.model" value="64"/>
    <property name="user.variant" value=""/>
    <property name="java.vendor.url" value="https://java.oracle.com/"/>
    <property name="user.timezone" value="Europe/Paris"/>
    <property name="os.name" value="Windows 11"/>
    <property name="java.vm.specification.version" value="21"/>
    <property name="sun.java.launcher" value="SUN_STANDARD"/>
    <property name="user.country" value="FR"/>
    <property name="sun.boot.library.path" value="C:\Program Files\Java\jdk-21\bin"/>
    <property name="sun.java.command" value="C:\Users\alibi\AppData\Local\Temp\surefire9328198017178931611\surefirebooter-20251124122749149_3.jar C:\Users\alibi\AppData\Local\Temp\surefire9328198017178931611 2025-11-24T12-27-48_913-jvmRun1 surefire-20251124122749149_1tmp surefire_0-20251124122749149_2tmp"/>
    <property name="jdk.debug" value="release"/>
    <property name="surefire.test.class.path" value="C:\Users\alibi\dev_env\Cours\FizzBuzz\target\test-classes;C:\Users\alibi\dev_env\Cours\FizzBuzz\target\classes;C:\Users\alibi\.m2\repository\org\junit\jupiter\junit-jupiter\5.10.1\junit-jupiter-5.10.1.jar;C:\Users\alibi\.m2\repository\org\junit\jupiter\junit-jupiter-api\5.10.1\junit-jupiter-api-5.10.1.jar;C:\Users\alibi\.m2\repository\org\opentest4j\opentest4j\1.3.0\opentest4j-1.3.0.jar;C:\Users\alibi\.m2\repository\org\junit\platform\junit-platform-commons\1.10.1\junit-platform-commons-1.10.1.jar;C:\Users\alibi\.m2\repository\org\junit\jupiter\junit-jupiter-params\5.10.1\junit-jupiter-params-5.10.1.jar;C:\Users\alibi\.m2\repository\org\junit\jupiter\junit-jupiter-engine\5.10.1\junit-jupiter-engine-5.10.1.jar;C:\Users\alibi\.m2\repository\io\cucumber\cucumber-java\7.15.0\cucumber-java-7.15.0.jar;C:\Users\alibi\.m2\repository\io\cucumber\cucumber-core\7.15.0\cucumber-core-7.15.0.jar;C:\Users\alibi\.m2\repository\io\cucumber\cucumber-gherkin\7.15.0\cucumber-gherkin-7.15.0.jar;C:\Users\alibi\.m2\repository\io\cucumber\cucumber-gherkin-messages\7.15.0\cucumber-gherkin-messages-7.15.0.jar;C:\Users\alibi\.m2\repository\io\cucumber\gherkin\26.2.0\gherkin-26.2.0.jar;C:\Users\alibi\.m2\repository\io\cucumber\messages\22.0.0\messages-22.0.0.jar;C:\Users\alibi\.m2\repository\io\cucumber\tag-expressions\6.0.0\tag-expressions-6.0.0.jar;C:\Users\alibi\.m2\repository\io\cucumber\cucumber-expressions\17.0.1\cucumber-expressions-17.0.1.jar;C:\Users\alibi\.m2\repository\io\cucumber\datatable\7.15.0\datatable-7.15.0.jar;C:\Users\alibi\.m2\repository\io\cucumber\cucumber-plugin\7.15.0\cucumber-plugin-7.15.0.jar;C:\Users\alibi\.m2\repository\io\cucumber\docstring\7.15.0\docstring-7.15.0.jar;C:\Users\alibi\.m2\repository\io\cucumber\html-formatter\20.4.0\html-formatter-20.4.0.jar;C:\Users\alibi\.m2\repository\io\cucumber\junit-xml-formatter\0.2.0\junit-xml-formatter-0.2.0.jar;C:\Users\alibi\.m2\repository\io\cucumber\ci-environment\10.0.0\ci-environment-10.0.0.jar;C:\Users\alibi\.m2\repository\org\apiguardian\apiguardian-api\1.1.2\apiguardian-api-1.1.2.jar;C:\Users\alibi\.m2\repository\io\cucumber\cucumber-junit-platform-engine\7.15.0\cucumber-junit-platform-engine-7.15.0.jar;C:\Users\alibi\.m2\repository\org\junit\platform\junit-platform-engine\1.10.1\junit-platform-engine-1.10.1.jar;C:\Users\alibi\.m2\repository\org\junit\platform\junit-platform-suite\1.10.1\junit-platform-suite-1.10.1.jar;C:\Users\alibi\.m2\repository\org\junit\platform\junit-platform-suite-api\1.10.1\junit-platform-suite-api-1.10.1.jar;C:\Users\alibi\.m2\repository\org\junit\platform\junit-platform-suite-engine\1.10.1\junit-platform-suite-engine-1.10.1.jar;C:\Users\alibi\.m2\repository\org\junit\platform\junit-platform-suite-commons\1.10.1\junit-platform-suite-commons-1.10.1.jar;C:\Users\alibi\.m2\repository\org\junit\platform\junit-platform-launcher\1.10.1\junit-platform-launcher-1.10.1.jar;"/>
    <property name="sun.cpu.endian" value="little"/>
    <property name="user.home" value="C:\Users\alibi"/>
    <property name="user.language" value="fr"/>
    <property name="java.specification.vendor" value="Oracle Corporation"/>
    <property name="java.version.date" value="2023-09-19"/>
    <property name="java.home" value="C:\Program Files\Java\jdk-21"/>
    <property name="file.separator" value="\"/>
    <property name="basedir" value="C:\Users\alibi\dev_env\Cours\FizzBuzz"/>
    <property name="java.vm.compressedOopsMode" value="Zero based"/>
    <property name="line.separator" value="&#10;"/>
    <property name="java.vm.specification.vendor" value="Oracle Corporation"/>
    <property name="java.specification.name" value="Java Platform API Specification"/>
    <property name="surefire.real.class.path" value="C:\Users\alibi\AppData\Local\Temp\surefire9328198017178931611\surefirebooter-20251124122749149_3.jar"/>
    <property name="user.script" value=""/>
    <property name="sun.management.compiler" value="HotSpot 64-Bit Tiered Compilers"/>
    <property name="java.runtime.version" value="21+35-LTS-2513"/>
    <property name="user.name" value="alibi"/>
    <property name="stdout.encoding" value="Cp1252"/>
    <property name="path.separator" value=";"/>
    <property name="os.version" value="10.0"/>
    <property name="java.runtime.name" value="Java(TM) SE Runtime Environment"/>
    <property name="file.encoding" value="UTF-8"/>
    <property name="java.vm.name" value="Java HotSpot(TM) 64-Bit Server VM"/>
    <property name="localRepository" value="C:\Users\alibi\.m2\repository"/>
    <property name="java.vendor.url.bug" value="https://bugreport.java.com/bugreport/"/>
    <property name="java.io.tmpdir" value="C:\Users\alibi\AppData\Local\Temp\"/>
    <property name="java.version" value="21"/>
    <property name="user.dir" value="C:\Users\alibi\dev_env\Cours\FizzBuzz"/>
    <property name="os.arch" value="amd64"/>
    <property name="java.vm.specification.name" value="Java Virtual Machine Specification"/>
    <property name="sun.os.patch.level" value=""/>
    <property name="native.encoding" value="Cp1252"/>
    <property name="java.library.path" value="C:\Program Files\Java\jdk-21\bin;C:\WINDOWS\Sun\Java\bin;C:\WINDOWS\system32;C:\WINDOWS;C:\Users\alibi\Documents\FlutterDev\flutter\bin\cache\dart-sdk\bin\;c:\Users\alibi\AppData\Roaming\Code\User\globalStorage\github.copilot-chat\debugCommand;c:\Users\alibi\AppData\Roaming\Code\User\globalStorage\github.copilot-chat\copilotCli;C:\Users\alibi\AppData\Local\MiKTeX\miktex;C:\Program Files\Java\jdk-21\bin;C:\Program Files\Java\jdk-17\bin;C:\WINDOWS\system32;C:\WINDOWS;C:\WINDOWS\System32\Wbem;C:\WINDOWS\System32\WindowsPowerShell\v1.0\;C:\WINDOWS\System32\OpenSSH\;C:\Program Files\dotnet\;C:\Users\alibi\Downloads\apache-maven-3.9.6-bin\apache-maven-3.9.6\bin;C:\ProgramData\ComposerSetup\bin;C:\Program Files\Git\cmd;C:\Program Files\nodejs\;C:\Users\alibi\Documents\FlutterDev\flutter\bin;C:\Users\alibi\AppData\Local\Programs\Python\Launcher\;C:\Users\alibi\AppData\Local\Programs\Python\Python311\Scripts\;C:\Users\alibi\AppData\Local\Programs\Python\Python311\;C:\Users\alibi\AppData\Local\Programs\Python\Python310\Scripts\;C:\Users\alibi\AppData\Local\Programs\Python\Python310\;C:\Program Files\MySQL\MySQL Shell 8.0\bin\;C:\Users\alibi\scoop\shims;C:\Users\alibi\AppData\Local\Microsoft\WindowsApps;C:\Users\alibi\Documents\FlutterDev\flutter\bin;C:\Users\alibi\AppData\Local\Programs\Microsoft VS Code\bin;C:\php84;C:\msys64\ucrt64\bin;C:\Users\alibi\AppData\Roaming\Composer\vendor\bin;C:\Users\alibi\StudioProjects\test_a\android;C:\Users\alibi\AppData\Roaming\npm;C:\Program Files\nodejs\node_modules\npm;C:\Users\alibi\AppData\Local\Programs\MiKTeX\miktex\bin\x64\;C:\Program Files\JetBrains\PyCharm 2025.1\bin;;C:\Users\alibi\Downloads\protoc-33.0-win64\bin;C:\Program Files\Apache\maven\apache-maven-3.9.11\bin;c:\Users\alibi\.vscode\extensions\vscjava.vscode-java-debug-0.58.3\bundled\scripts\noConfigScripts;."/>
    <property name="java.vm.info" value="mixed mode, sharing"/>
    <property name="stderr.encoding" value="Cp1252"/>
    <property name="java.vendor" value="Oracle Corporation"/>
    <property name="java.vm.version" value="21+35-LTS-2513"/>
    <property name="sun.io.unicode.encoding" value="UnicodeLittle"/>
    <property name="java.class.version" value="65.0"/>
  </properties>
  <testcase name="Example #1.1" classname="Examples" time="0.104"/>
  <testcase name="Example #1.2" classname="Examples" time="0.012"/>
  <testcase name="Example #1.3" classname="Examples" time="0.015">
    <failure message="expected: &lt;FizzFizz&gt; but was: &lt;Fizz&gt;" type="org.opentest4j.AssertionFailedError"><![CDATA[org.opentest4j.AssertionFailedError: expected: <FizzFizz> but was: <Fizz>
	at fr.isep.fizzbuzz.FizzBuzzStepDefinitions.the_result_should_be(FizzBuzzStepDefinitions.java:31)
	at ✽.the result should be "FizzFizz"(classpath:features/fizzbuzz.feature:9)
]]></failure>
  </testcase>
  <testcase name="Example #1.4" classname="Examples" time="0.0"/>
  <testcase name="Example #1.5" classname="Examples" time="0.01">
    <failure message="expected: &lt;BuzzBuzz&gt; but was: &lt;Buzz&gt;" type="org.opentest4j.AssertionFailedError"><![CDATA[org.opentest4j.AssertionFailedError: expected: <BuzzBuzz> but was: <Buzz>
	at fr.isep.fizzbuzz.FizzBuzzStepDefinitions.the_result_should_be(FizzBuzzStepDefinitions.java:31)
	at ✽.the result should be "BuzzBuzz"(classpath:features/fizzbuzz.feature:9)
]]></failure>
  </testcase>
  <testcase name="Example #1.6" classname="Examples" time="0.006"/>
  <testcase name="Example #1.7" classname="Examples" time="0.004"/>
  <testcase name="Example #1.8" classname="Examples" time="0.006"/>
  <testcase name="Example #1.9" classname="Examples" time="0.004"/>
  <testcase name="Example #1.10" classname="Examples" time="0.007">
    <failure message="expected: &lt;BuzzBuzz&gt; but was: &lt;Buzz&gt;" type="org.opentest4j.AssertionFailedError"><![CDATA[org.opentest4j.AssertionFailedError: expected: <BuzzBuzz> but was: <Buzz>
	at fr.isep.fizzbuzz.FizzBuzzStepDefinitions.the_result_should_be(FizzBuzzStepDefinitions.java:31)
	at ✽.the result should be "BuzzBuzz"(classpath:features/fizzbuzz.feature:9)
]]></failure>
  </testcase>
  <testcase name="Example #1.11" classname="Examples" time="0.002"/>
  <testcase name="Example #1.12" classname="Examples" time="0.008"/>
  <testcase name="Example #1.13" classname="Examples" time="0.008">
    <failure message="expected: &lt;FizzFizz&gt; but was: &lt;Fizz&gt;" type="org.opentest4j.AssertionFailedError"><![CDATA[org.opentest4j.AssertionFailedError: expected: <FizzFizz> but was: <Fizz>
	at fr.isep.fizzbuzz.FizzBuzzStepDefinitions.the_result_should_be(FizzBuzzStepDefinitions.java:31)
	at ✽.the result should be "FizzFizz"(classpath:features/fizzbuzz.feature:9)
]]></failure>
  </testcase>
  <testcase name="Example #1.14" classname="Examples" time="0.005"/>
  <testcase name="Example #1.15" classname="Examples" time="0.003">
    <failure message="expected: &lt;FizzBuzzBuzz&gt; but was: &lt;FizzBuzz&gt;" type="org.opentest4j.AssertionFailedError"><![CDATA[org.opentest4j.AssertionFailedError: expected: <FizzBuzzBuzz> but was: <FizzBuzz>
	at fr.isep.fizzbuzz.FizzBuzzStepDefinitions.the_result_should_be(FizzBuzzStepDefinitions.java:31)
	at ✽.the result should be "FizzBuzzBuzz"(classpath:features/fizzbuzz.feature:9)
]]></failure>
  </testcase>
  <testcase name="Example #1.16" classname="Examples" time="0.0"/>
  <testcase name="Example #1.17" classname="Examples" time="0.0"/>
  <testcase name="Example #1.18" classname="Examples" time="0.0"/>
  <testcase name="Example #1.19" classname="Examples" time="0.0"/>
  <testcase name="Example #1.20" classname="Examples" time="0.016">
    <failure message="expected: &lt;BuzzBuzz&gt; but was: &lt;Buzz&gt;" type="org.opentest4j.AssertionFailedError"><![CDATA[org.opentest4j.AssertionFailedError: expected: <BuzzBuzz> but was: <Buzz>
	at fr.isep.fizzbuzz.FizzBuzzStepDefinitions.the_result_should_be(FizzBuzzStepDefinitions.java:31)
	at ✽.the result should be "BuzzBuzz"(classpath:features/fizzbuzz.feature:9)
]]></failure>
  </testcase>
  <testcase name="Example #1.21" classname="Examples" time="0.004"/>
  <testcase name="Example #1.22" classname="Examples" time="0.004"/>
  <testcase name="Example #1.23" classname="Examples" time="0.004">
    <failure message="expected: &lt;FizzFizz&gt; but was: &lt;Fizz&gt;" type="org.opentest4j.AssertionFailedError"><![CDATA[org.opentest4j.AssertionFailedError: expected: <FizzFizz> but was: <Fizz>
	at fr.isep.fizzbuzz.FizzBuzzStepDefinitions.the_result_should_be(FizzBuzzStepDefinitions.java:31)
	at ✽.the result should be "FizzFizz"(classpath:features/fizzbuzz.feature:9)
]]></failure>
  </testcase>
  <testcase name="Example #1.24" classname="Examples" time="0.003"/>
  <testcase name="Example #1.25" classname="Examples" time="0.001">
    <failure message="expected: &lt;BuzzBuzz&gt; but was: &lt;Buzz&gt;" type="org.opentest4j.AssertionFailedError"><![CDATA[org.opentest4j.AssertionFailedError: expected: <BuzzBuzz> but was: <Buzz>
	at fr.isep.fizzbuzz.FizzBuzzStepDefinitions.the_result_should_be(FizzBuzzStepDefinitions.java:31)
	at ✽.the result should be "BuzzBuzz"(classpath:features/fizzbuzz.feature:9)
]]></failure>
  </testcase>
  <testcase name="Example #1.26" classname="Examples" time="0.0"/>
  <testcase name="Example #1.27" classname="Examples" time="0.007"/>
  <testcase name="Example #1.28" classname="Examples" time="0.004"/>
  <testcase name="Example #1.29" classname="Examples" time="0.002"/>
  <testcase name="Example #1.30" classname="Examples" time="0.003">
    <failure message="expected: &lt;FizzFizzBuzz&gt; but was: &lt;FizzBuzz&gt;" type="org.opentest4j.AssertionFailedError"><![CDATA[org.opentest4j.AssertionFailedError: expected: <FizzFizzBuzz> but was: <FizzBuzz>
	at fr.isep.fizzbuzz.FizzBuzzStepDefinitions.the_result_should_be(FizzBuzzStepDefinitions.java:31)
	at ✽.the result should be "FizzFizzBuzz"(classpath:features/fizzbuzz.feature:9)
]]></failure>
  </testcase>
  <testcase name="Example #1.31" classname="Examples" time="0.006">
    <failure message="expected: &lt;FizzFizz&gt; but was: &lt;Fizz&gt;" type="org.opentest4j.AssertionFailedError"><![CDATA[org.opentest4j.AssertionFailedError: expected: <FizzFizz> but was: <Fizz>
	at fr.isep.fizzbuzz.FizzBuzzStepDefinitions.the_result_should_be(FizzBuzzStepDefinitions.java:31)
	at ✽.the result should be "FizzFizz"(classpath:features/fizzbuzz.feature:9)
]]></failure>
  </testcase>
  <testcase name="Example #1.32" classname="Examples" time="0.0">
    <failure message="expected: &lt;FizzFizz&gt; but was: &lt;Fizz&gt;" type="org.opentest4j.AssertionFailedError"><![CDATA[org.opentest4j.AssertionFailedError: expected: <FizzFizz> but was: <Fizz>
	at fr.isep.fizzbuzz.FizzBuzzStepDefinitions.the_result_should_be(FizzBuzzStepDefinitions.java:31)
	at ✽.the result should be "FizzFizz"(classpath:features/fizzbuzz.feature:9)
]]></failure>
  </testcase>
  <testcase name="Example #1.33" classname="Examples" time="0.011">
    <failure message="expected: &lt;FizzFizzFizz&gt; but was: &lt;Fizz&gt;" type="org.opentest4j.AssertionFailedError"><![CDATA[org.opentest4j.AssertionFailedError: expected: <FizzFizzFizz> but was: <Fizz>
	at fr.isep.fizzbuzz.FizzBuzzStepDefinitions.the_result_should_be(FizzBuzzStepDefinitions.java:31)
	at ✽.the result should be "FizzFizzFizz"(classpath:features/fizzbuzz.feature:9)
]]></failure>
  </testcase>
  <testcase name="Example #1.34" classname="Examples" time="0.0">
    <failure message="expected: &lt;FizzFizz&gt; but was: &lt;Fizz&gt;" type="org.opentest4j.AssertionFailedError"><![CDATA[org.opentest4j.AssertionFailedError: expected: <FizzFizz> but was: <Fizz>
	at fr.isep.fizzbuzz.FizzBuzzStepDefinitions.the_result_should_be(FizzBuzzStepDefinitions.java:31)
	at ✽.the result should be "FizzFizz"(classpath:features/fizzbuzz.feature:9)
]]></failure>
  </testcase>
  <testcase name="Example #1.35" classname="Examples" time="0.009">
    <failure message="expected: &lt;FizzBuzzBuzz&gt; but was: &lt;FizzBuzz&gt;" type="org.opentest4j.AssertionFailedError"><![CDATA[org.opentest4j.AssertionFailedError: expected: <FizzBuzzBuzz> but was: <FizzBuzz>
	at fr.isep.fizzbuzz.FizzBuzzStepDefinitions.the_result_should_be(FizzBuzzStepDefinitions.java:31)
	at ✽.the result should be "FizzBuzzBuzz"(classpath:features/fizzbuzz.feature:9)
]]></failure>
  </testcase>
  <testcase name="Example #1.36" classname="Examples" time="0.003">
    <failure message="expected: &lt;FizzFizz&gt; but was: &lt;Fizz&gt;" type="org.opentest4j.AssertionFailedError"><![CDATA[org.opentest4j.AssertionFailedError: expected: <FizzFizz> but was: <Fizz>
	at fr.isep.fizzbuzz.FizzBuzzStepDefinitions.the_result_should_be(FizzBuzzStepDefinitions.java:31)
	at ✽.the result should be "FizzFizz"(classpath:features/fizzbuzz.feature:9)
]]></failure>
  </testcase>
  <testcase name="Example #1.37" classname="Examples" time="0.004">
    <failure message="expected: &lt;FizzFizz&gt; but was: &lt;Fizz&gt;" type="org.opentest4j.AssertionFailedError"><![CDATA[org.opentest4j.AssertionFailedError: expected: <FizzFizz> but was: <Fizz>
	at fr.isep.fizzbuzz.FizzBuzzStepDefinitions.the_result_should_be(FizzBuzzStepDefinitions.java:31)
	at ✽.the result should be "FizzFizz"(classpath:features/fizzbuzz.feature:9)
]]></failure>
  </testcase>
  <testcase name="Example #1.38" classname="Examples" time="0.0">
    <failure message="expected: &lt;FizzFizz&gt; but was: &lt;Fizz&gt;" type="org.opentest4j.AssertionFailedError"><![CDATA[org.opentest4j.AssertionFailedError: expected: <FizzFizz> but was: <Fizz>
	at fr.isep.fizzbuzz.FizzBuzzStepDefinitions.the_result_should_be(FizzBuzzStepDefinitions.java:31)
	at ✽.the result should be "FizzFizz"(classpath:features/fizzbuzz.feature:9)
]]></failure>
  </testcase>
  <testcase name="Example #1.39" classname="Examples" time="0.012">
    <failure message="expected: &lt;FizzFizz&gt; but was: &lt;Fizz&gt;" type="org.opentest4j.AssertionFailedError"><![CDATA[org.opentest4j.AssertionFailedError: expected: <FizzFizz> but was: <Fizz>
	at fr.isep.fizzbuzz.FizzBuzzStepDefinitions.the_result_should_be(FizzBuzzStepDefinitions.java:31)
	at ✽.the result should be "FizzFizz"(classpath:features/fizzbuzz.feature:9)
]]></failure>
  </testcase>
  <testcase name="Example #1.40" classname="Examples" time="0.004">
    <failure message="expected: &lt;BuzzBuzz&gt; but was: &lt;Buzz&gt;" type="org.opentest4j.AssertionFailedError"><![CDATA[org.opentest4j.AssertionFailedError: expected: <BuzzBuzz> but was: <Buzz>
	at fr.isep.fizzbuzz.FizzBuzzStepDefinitions.the_result_should_be(FizzBuzzStepDefinitions.java:31)
	at ✽.the result should be "BuzzBuzz"(classpath:features/fizzbuzz.feature:9)
]]></failure>
  </testcase>
  <testcase name="Example #1.41" classname="Examples" time="0.0"/>
  <testcase name="Example #1.42" classname="Examples" time="0.0"/>
  <testcase name="Example #1.43" classname="Examples" time="0.0">
    <failure message="expected: &lt;FizzFizz&gt; but was: &lt;Fizz&gt;" type="org.opentest4j.AssertionFailedError"><![CDATA[org.opentest4j.AssertionFailedError: expected: <FizzFizz> but was: <Fizz>
	at fr.isep.fizzbuzz.FizzBuzzStepDefinitions.the_result_should_be(FizzBuzzStepDefinitions.java:31)
	at ✽.the result should be "FizzFizz"(classpath:features/fizzbuzz.feature:9)
]]></failure>
  </testcase>
  <testcase name="Example #1.44" classname="Examples" time="0.0"/>
  <testcase name="Example #1.45" classname="Examples" time="0.004">
    <failure message="expected: &lt;FizzBuzzBuzz&gt; but was: &lt;FizzBuzz&gt;" type="org.opentest4j.AssertionFailedError"><![CDATA[org.opentest4j.AssertionFailedError: expected: <FizzBuzzBuzz> but was: <FizzBuzz>
	at fr.isep.fizzbuzz.FizzBuzzStepDefinitions.the_result_should_be(FizzBuzzStepDefinitions.java:31)
	at ✽.the result should be "FizzBuzzBuzz"(classpath:features/fizzbuzz.feature:9)
]]></failure>
  </testcase>
  <testcase name="Example #1.46" classname="Examples" time="0.002"/>
  <testcase name="Example #1.47" classname="Examples" time="0.0"/>
  <testcase name="Example #1.48" classname="Examples" time="0.005"/>
  <testcase name="Example #1.49" classname="Examples" time="0.002"/>
  <testcase name="Example #1.50" classname="Examples" time="0.006">
    <failure message="expected: &lt;BuzzBuzzBuzz&gt; but was: &lt;Buzz&gt;" type="org.opentest4j.AssertionFailedError"><![CDATA[org.opentest4j.AssertionFailedError: expected: <BuzzBuzzBuzz> but was: <Buzz>
	at fr.isep.fizzbuzz.FizzBuzzStepDefinitions.the_result_should_be(FizzBuzzStepDefinitions.java:31)
	at ✽.the result should be "BuzzBuzzBuzz"(classpath:features/fizzbuzz.feature:9)
]]></failure>
  </testcase>
  <testcase name="Example #1.51" classname="Examples" time="0.005">
    <failure message="expected: &lt;FizzFizzBuzz&gt; but was: &lt;FizzBuzz&gt;" type="org.opentest4j.AssertionFailedError"><![CDATA[org.opentest4j.AssertionFailedError: expected: <FizzFizzBuzz> but was: <FizzBuzz>
	at fr.isep.fizzbuzz.FizzBuzzStepDefinitions.the_result_should_be(FizzBuzzStepDefinitions.java:31)
	at ✽.the result should be "FizzFizzBuzz"(classpath:features/fizzbuzz.feature:9)
]]></failure>
  </testcase>
  <testcase name="Example #1.52" classname="Examples" time="0.0">
    <failure message="expected: &lt;BuzzBuzz&gt; but was: &lt;Buzz&gt;" type="org.opentest4j.AssertionFailedError"><![CDATA[org.opentest4j.AssertionFailedError: expected: <BuzzBuzz> but was: <Buzz>
	at fr.isep.fizzbuzz.FizzBuzzStepDefinitions.the_result_should_be(FizzBuzzStepDefinitions.java:31)
	at ✽.the result should be "BuzzBuzz"(classpath:features/fizzbuzz.feature:9)
]]></failure>
  </testcase>
  <testcase name="Example #1.53" classname="Examples" time="0.0">
    <failure message="expected: &lt;FizzFizzBuzzBuzz&gt; but was: &lt;FizzBuzz&gt;" type="org.opentest4j.AssertionFailedError"><![CDATA[org.opentest4j.AssertionFailedError: expected: <FizzFizzBuzzBuzz> but was: <FizzBuzz>
	at fr.isep.fizzbuzz.FizzBuzzStepDefinitions.the_result_should_be(FizzBuzzStepDefinitions.java:31)
	at ✽.the result should be "FizzFizzBuzzBuzz"(classpath:features/fizzbuzz.feature:9)
]]></failure>
  </testcase>
  <testcase name="Example #1.54" classname="Examples" time="0.016">
    <failure message="expected: &lt;FizzFizzBuzz&gt; but was: &lt;FizzBuzz&gt;" type="org.opentest4j.AssertionFailedError"><![CDATA[org.opentest4j.AssertionFailedError: expected: <FizzFizzBuzz> but was: <FizzBuzz>
	at fr.isep.fizzbuzz.FizzBuzzStepDefinitions.the_result_should_be(FizzBuzzStepDefinitions.java:31)
	at ✽.the result should be "FizzFizzBuzz"(classpath:features/fizzbuzz.feature:9)
]]></failure>
  </testcase>
  <testcase name="Example #1.55" classname="Examples" time="0.007">
    <failure message="expected: &lt;BuzzBuzzBuzz&gt; but was: &lt;Buzz&gt;" type="org.opentest4j.AssertionFailedError"><![CDATA[org.opentest4j.AssertionFailedError: expected: <BuzzBuzzBuzz> but was: <Buzz>
	at fr.isep.fizzbuzz.FizzBuzzStepDefinitions.the_result_should_be(FizzBuzzStepDefinitions.java:31)
	at ✽.the result should be "BuzzBuzzBuzz"(classpath:features/fizzbuzz.feature:9)
]]></failure>
  </testcase>
  <testcase name="Example #1.56" classname="Examples" time="0.003">
    <failure message="expected: &lt;BuzzBuzz&gt; but was: &lt;Buzz&gt;" type="org.opentest4j.AssertionFailedError"><![CDATA[org.opentest4j.AssertionFailedError: expected: <BuzzBuzz> but was: <Buzz>
	at fr.isep.fizzbuzz.FizzBuzzStepDefinitions.the_result_should_be(FizzBuzzStepDefinitions.java:31)
	at ✽.the result should be "BuzzBuzz"(classpath:features/fizzbuzz.feature:9)
]]></failure>
  </testcase>
  <testcase name="Example #1.57" classname="Examples" time="0.003">
    <failure message="expected: &lt;FizzFizzBuzz&gt; but was: &lt;FizzBuzz&gt;" type="org.opentest4j.AssertionFailedError"><![CDATA[org.opentest4j.AssertionFailedError: expected: <FizzFizzBuzz> but was: <FizzBuzz>
	at fr.isep.fizzbuzz.FizzBuzzStepDefinitions.the_result_should_be(FizzBuzzStepDefinitions.java:31)
	at ✽.the result should be "FizzFizzBuzz"(classpath:features/fizzbuzz.feature:9)
]]></failure>
  </testcase>
  <testcase name="Example #1.58" classname="Examples" time="0.0">
    <failure message="expected: &lt;BuzzBuzz&gt; but was: &lt;Buzz&gt;" type="org.opentest4j.AssertionFailedError"><![CDATA[org.opentest4j.AssertionFailedError: expected: <BuzzBuzz> but was: <Buzz>
	at fr.isep.fizzbuzz.FizzBuzzStepDefinitions.the_result_should_be(FizzBuzzStepDefinitions.java:31)
	at ✽.the result should be "BuzzBuzz"(classpath:features/fizzbuzz.feature:9)
]]></failure>
  </testcase>
  <testcase name="Example #1.59" classname="Examples" time="0.008">
    <failure message="expected: &lt;BuzzBuzz&gt; but was: &lt;Buzz&gt;" type="org.opentest4j.AssertionFailedError"><![CDATA[org.opentest4j.AssertionFailedError: expected: <BuzzBuzz> but was: <Buzz>
	at fr.isep.fizzbuzz.FizzBuzzStepDefinitions.the_result_should_be(FizzBuzzStepDefinitions.java:31)
	at ✽.the result should be "BuzzBuzz"(classpath:features/fizzbuzz.feature:9)
]]></failure>
  </testcase>
  <testcase name="Example #1.60" classname="Examples" time="0.002">
    <failure message="expected: &lt;FizzBuzzBuzz&gt; but was: &lt;FizzBuzz&gt;" type="org.opentest4j.AssertionFailedError"><![CDATA[org.opentest4j.AssertionFailedError: expected: <FizzBuzzBuzz> but was: <FizzBuzz>
	at fr.isep.fizzbuzz.FizzBuzzStepDefinitions.the_result_should_be(FizzBuzzStepDefinitions.java:31)
	at ✽.the result should be "FizzBuzzBuzz"(classpath:features/fizzbuzz.feature:9)
]]></failure>
  </testcase>
  <testcase name="Example #1.61" classname="Examples" time="0.009"/>
  <testcase name="Example #1.62" classname="Examples" time="0.0"/>
  <testcase name="Example #1.63" classname="Examples" time="0.006">
    <failure message="expected: &lt;FizzFizz&gt; but was: &lt;Fizz&gt;" type="org.opentest4j.AssertionFailedError"><![CDATA[org.opentest4j.AssertionFailedError: expected: <FizzFizz> but was: <Fizz>
	at fr.isep.fizzbuzz.FizzBuzzStepDefinitions.the_result_should_be(FizzBuzzStepDefinitions.java:31)
	at ✽.the result should be "FizzFizz"(classpath:features/fizzbuzz.feature:9)
]]></failure>
  </testcase>
  <testcase name="Example #1.64" classname="Examples" time="0.0"/>
  <testcase name="Example #1.65" classname="Examples" time="0.006">
    <failure message="expected: &lt;BuzzBuzzBuzz&gt; but was: &lt;Buzz&gt;" type="org.opentest4j.AssertionFailedError"><![CDATA[org.opentest4j.AssertionFailedError: expected: <BuzzBuzzBuzz> but was: <Buzz>
	at fr.isep.fizzbuzz.FizzBuzzStepDefinitions.the_result_should_be(FizzBuzzStepDefinitions.java:31)
	at ✽.the result should be "BuzzBuzzBuzz"(classpath:features/fizzbuzz.feature:9)
]]></failure>
  </testcase>
  <testcase name="Example #1.66" classname="Examples" time="0.0"/>
  <testcase name="Example #1.67" classname="Examples" time="0.0"/>
  <testcase name="Example #1.68" classname="Examples" time="0.002"/>
  <testcase name="Example #1.69" classname="Examples" time="0.0"/>
  <testcase name="Example #1.70" classname="Examples" time="0.002">
    <failure message="expected: &lt;BuzzBuzz&gt; but was: &lt;Buzz&gt;" type="org.opentest4j.AssertionFailedError"><![CDATA[org.opentest4j.AssertionFailedError: expected: <BuzzBuzz> but was: <Buzz>
	at fr.isep.fizzbuzz.FizzBuzzStepDefinitions.the_result_should_be(FizzBuzzStepDefinitions.java:31)
	at ✽.the result should be "BuzzBuzz"(classpath:features/fizzbuzz.feature:9)
]]></failure>
  </testcase>
  <testcase name="Example #1.71" classname="Examples" time="0.0"/>
  <testcase name="Example #1.72" classname="Examples" time="0.0"/>
  <testcase name="Example #1.73" classname="Examples" time="0.01">
    <failure message="expected: &lt;FizzFizz&gt; but was: &lt;Fizz&gt;" type="org.opentest4j.AssertionFailedError"><![CDATA[org.opentest4j.AssertionFailedError: expected: <FizzFizz> but was: <Fizz>
	at fr.isep.fizzbuzz.FizzBuzzStepDefinitions.the_result_should_be(FizzBuzzStepDefinitions.java:31)
	at ✽.the result should be "FizzFizz"(classpath:features/fizzbuzz.feature:9)
]]></failure>
  </testcase>
  <testcase name="Example #1.74" classname="Examples" time="0.001"/>
  <testcase name="Example #1.75" classname="Examples" time="0.002">
    <failure message="expected: &lt;FizzBuzzBuzzBuzz&gt; but was: &lt;FizzBuzz&gt;" type="org.opentest4j.AssertionFailedError"><![CDATA[org.opentest4j.AssertionFailedError: expected: <FizzBuzzBuzzBuzz> but was: <FizzBuzz>
	at fr.isep.fizzbuzz.FizzBuzzStepDefinitions.the_result_should_be(FizzBuzzStepDefinitions.java:31)
	at ✽.the result should be "FizzBuzzBuzzBuzz"(classpath:features/fizzbuzz.feature:9)
]]></failure>
  </testcase>
  <testcase name="Example #1.76" classname="Examples" time="0.002"/>
  <testcase name="Example #1.77" classname="Examples" time="0.001"/>
  <testcase name="Example #1.78" classname="Examples" time="0.004">
    <failure message="expected: &lt;FizzFizz&gt; but was: &lt;Fizz&gt;" type="org.opentest4j.AssertionFailedError"><![CDATA[org.opentest4j.AssertionFailedError: expected: <FizzFizz> but was: <Fizz>
	at fr.isep.fizzbuzz.FizzBuzzStepDefinitions.the_result_should_be(FizzBuzzStepDefinitions.java:31)
	at ✽.the result should be "FizzFizz"(classpath:features/fizzbuzz.feature:9)
]]></failure>
  </testcase>
  <testcase name="Example #1.79" classname="Examples" time="0.004"/>
  <testcase name="Example #1.80" classname="Examples" time="0.0">
    <failure message="expected: &lt;BuzzBuzz&gt; but was: &lt;Buzz&gt;" type="org.opentest4j.AssertionFailedError"><![CDATA[org.opentest4j.AssertionFailedError: expected: <BuzzBuzz> but was: <Buzz>
	at fr.isep.fizzbuzz.FizzBuzzStepDefinitions.the_result_should_be(FizzBuzzStepDefinitions.java:31)
	at ✽.the result should be "BuzzBuzz"(classpath:features/fizzbuzz.feature:9)
]]></failure>
  </testcase>
  <testcase name="Example #1.81" classname="Examples" time="0.0"/>
  <testcase name="Example #1.82" classname="Examples" time="0.007"/>
  <testcase name="Example #1.83" classname="Examples" time="0.002">
    <failure message="expected: &lt;FizzFizz&gt; but was: &lt;Fizz&gt;" type="org.opentest4j.AssertionFailedError"><![CDATA[org.opentest4j.AssertionFailedError: expected: <FizzFizz> but was: <Fizz>
	at fr.isep.fizzbuzz.FizzBuzzStepDefinitions.the_result_should_be(FizzBuzzStepDefinitions.java:31)
	at ✽.the result should be "FizzFizz"(classpath:features/fizzbuzz.feature:9)
]]></failure>
  </testcase>
  <testcase name="Example #1.84" classname="Examples" time="0.0"/>
  <testcase name="Example #1.85" classname="Examples" time="0.0">
    <failure message="expected: &lt;BuzzBuzzBuzz&gt; but was: &lt;Buzz&gt;" type="org.opentest4j.AssertionFailedError"><![CDATA[org.opentest4j.AssertionFailedError: expected: <BuzzBuzzBuzz> but was: <Buzz>
	at fr.isep.fizzbuzz.FizzBuzzStepDefinitions.the_result_should_be(FizzBuzzStepDefinitions.java:31)
	at ✽.the result should be "BuzzBuzzBuzz"(classpath:features/fizzbuzz.feature:9)
]]></failure>
  </testcase>
  <testcase name="Example #1.86" classname="Examples" time="0.0"/>
  <testcase name="Example #1.87" classname="Examples" time="0.0"/>
  <testcase name="Example #1.88" classname="Examples" time="0.014"/>
  <testcase name="Example #1.89" classname="Examples" time="0.002"/>
  <testcase name="Example #1.90" classname="Examples" time="0.002">
    <failure message="expected: &lt;FizzBuzzBuzz&gt; but was: &lt;FizzBuzz&gt;" type="org.opentest4j.AssertionFailedError"><![CDATA[org.opentest4j.AssertionFailedError: expected: <FizzBuzzBuzz> but was: <FizzBuzz>
	at fr.isep.fizzbuzz.FizzBuzzStepDefinitions.the_result_should_be(FizzBuzzStepDefinitions.java:31)
	at ✽.the result should be "FizzBuzzBuzz"(classpath:features/fizzbuzz.feature:9)
]]></failure>
  </testcase>
  <testcase name="Example #1.91" classname="Examples" time="0.0"/>
  <testcase name="Example #1.92" classname="Examples" time="0.0"/>
  <testcase name="Example #1.93" classname="Examples" time="0.0">
    <failure message="expected: &lt;FizzFizz&gt; but was: &lt;Fizz&gt;" type="org.opentest4j.AssertionFailedError"><![CDATA[org.opentest4j.AssertionFailedError: expected: <FizzFizz> but was: <Fizz>
	at fr.isep.fizzbuzz.FizzBuzzStepDefinitions.the_result_should_be(FizzBuzzStepDefinitions.java:31)
	at ✽.the result should be "FizzFizz"(classpath:features/fizzbuzz.feature:9)
]]></failure>
  </testcase>
  <testcase name="Example #1.94" classname="Examples" time="0.0"/>
  <testcase name="Example #1.95" classname="Examples" time="0.014">
    <failure message="expected: &lt;BuzzBuzzBuzz&gt; but was: &lt;Buzz&gt;" type="org.opentest4j.AssertionFailedError"><![CDATA[org.opentest4j.AssertionFailedError: expected: <BuzzBuzzBuzz> but was: <Buzz>
	at fr.isep.fizzbuzz.FizzBuzzStepDefinitions.the_result_should_be(FizzBuzzStepDefinitions.java:31)
	at ✽.the result should be "BuzzBuzzBuzz"(classpath:features/fizzbuzz.feature:9)
]]></failure>
  </testcase>
  <testcase name="Example #1.96" classname="Examples" time="0.002"/>
  <testcase name="Example #1.97" classname="Examples" time="0.0"/>
  <testcase name="Example #1.98" classname="Examples" time="0.005"/>
  <testcase name="Example #1.99" classname="Examples" time="0.002"/>
  <testcase name="Example #1.100" classname="Examples" time="0.002">
    <failure message="expected: &lt;BuzzBuzzBuzz&gt; but was: &lt;Buzz&gt;" type="org.opentest4j.AssertionFailedError"><![CDATA[org.opentest4j.AssertionFailedError: expected: <BuzzBuzzBuzz> but was: <Buzz>
	at fr.isep.fizzbuzz.FizzBuzzStepDefinitions.the_result_should_be(FizzBuzzStepDefinitions.java:31)
	at ✽.the result should be "BuzzBuzzBuzz"(classpath:features/fizzbuzz.feature:9)
]]></failure>
  </testcase>
</testsuite>