<?xml version="1.0" encoding="UTF-8"?>
<testsuite xmlns:xsi="http://www.w3.org/2001/XMLSchema-instance" xsi:noNamespaceSchemaLocation="https://maven.apache.org/surefire/maven-surefire-plugin/xsd/surefire-test-report-3.0.xsd" version="3.0" name="fr.isep.fizzbuzz.FizzBuzzCucumberTest" time="0.724" tests="100" errors="0" skipped="0" failures="45">
  <properties>
[...]
</properties>
  <testcase name="Example #1.1" classname="Examples" time="0.104"/>
  <testcase name="Example #1.2" classname="Examples" time="0.012"/>
  <testcase name="Example #1.3" classname="Examples" time="0.015">
    <failure message="expected: &lt;FizzFizz&gt; but was: &lt;Fizz&gt;" type="org.opentest4j.AssertionFailedError"><![CDATA[org.opentest4j.AssertionFailedError: expected: <FizzFizz> but was: <Fizz>
	at fr.isep.fizzbuzz.FizzBuzzStepDefinitions.the_result_should_be(FizzBuzzStepDefinitions.java:31)
	at ✽.the result should be "FizzFizz"(classpath:features/fizzbuzz.feature:9)
]]></failure>
  </testcase>
  <testcase name="Example #1.4" classname="Examples" time="0.0"/>
  <testcase name="Example #1.5" classname="Examples" time="0.01">
    <failure message="expected: &lt;BuzzBuzz&gt; but was: &lt;Buzz&gt;" type="org.opentest4j.AssertionFailedError"><![CDATA[org.opentest4j.AssertionFailedError: expected: <BuzzBuzz> but was: <Buzz>
	at fr.isep.fizzbuzz.FizzBuzzStepDefinitions.the_result_should_be(FizzBuzzStepDefinitions.java:31)
	at ✽.the result should be "BuzzBuzz"(classpath:features/fizzbuzz.feature:9)
]]></failure>
  </testcase>
  <testcase name="Example #1.6" classname="Examples" time="0.006"/>
  <testcase name="Example #1.7" classname="Examples" time="0.004"/>
  <testcase name="Example #1.8" classname="Examples" time="0.006"/>
  <testcase name="Example #1.9" classname="Examples" time="0.004"/>
  <testcase name="Example #1.10" classname="Examples" time="0.007">
    <failure message="expected: &lt;BuzzBuzz&gt; but was: &lt;Buzz&gt;" type="org.opentest4j.AssertionFailedError"><![CDATA[org.opentest4j.AssertionFailedError: expected: <BuzzBuzz> but was: <Buzz>
	at fr.isep.fizzbuzz.FizzBuzzStepDefinitions.the_result_should_be(FizzBuzzStepDefinitions.java:31)
	at ✽.the result should be "BuzzBuzz"(classpath:features/fizzbuzz.feature:9)
]]></failure>
  </testcase>
  <testcase name="Example #1.11" classname="Examples" time="0.002"/>
  <testcase name="Example #1.12" classname="Examples" time="0.008"/>
  <testcase name="Example #1.13" classname="Examples" time="0.008">
    <failure message="expected: &lt;FizzFizz&gt; but was: &lt;Fizz&gt;" type="org.opentest4j.AssertionFailedError"><![CDATA[org.opentest4j.AssertionFailedError: expected: <FizzFizz> but was: <Fizz>
	at fr.isep.fizzbuzz.FizzBuzzStepDefinitions.the_result_should_be(FizzBuzzStepDefinitions.java:31)
	at ✽.the result should be "FizzFizz"(classpath:features/fizzbuzz.feature:9)
]]></failure>
  </testcase>
  <testcase name="Example #1.14" classname="Examples" time="0.005"/>
  <testcase name="Example #1.15" classname="Examples" time="0.003">
    <failure message="expected: &lt;FizzBuzzBuzz&gt; but was: &lt;FizzBuzz&gt;" type="org.opentest4j.AssertionFailedError"><![CDATA[org.opentest4j.AssertionFailedError: expected: <FizzBuzzBuzz> but was: <FizzBuzz>
	at fr.isep.fizzbuzz.FizzBuzzStepDefinitions.the_result_should_be(FizzBuzzStepDefinitions.java:31)
	at ✽.the result should be "FizzBuzzBuzz"(classpath:features/fizzbuzz.feature:9)
]]></failure>
  </testcase>
  <testcase name="Example #1.16" classname="Examples" time="0.0"/>
  <testcase name="Example #1.17" classname="Examples" time="0.0"/>
  <testcase name="Example #1.18" classname="Examples" time="0.0"/>
  <testcase name="Example #1.19" classname="Examples" time="0.0"/>
  <testcase name="Example #1.20" classname="Examples" time="0.016">
    <failure message="expected: &lt;BuzzBuzz&gt; but was: &lt;Buzz&gt;" type="org.opentest4j.AssertionFailedError"><![CDATA[org.opentest4j.AssertionFailedError: expected: <BuzzBuzz> but was: <Buzz>
	at fr.isep.fizzbuzz.FizzBuzzStepDefinitions.the_result_should_be(FizzBuzzStepDefinitions.java:31)
	at ✽.the result should be "BuzzBuzz"(classpath:features/fizzbuzz.feature:9)
]]></failure>
  </testcase>
  <testcase name="Example #1.21" classname="Examples" time="0.004"/>
  <testcase name="Example #1.22" classname="Examples" time="0.004"/>
  <testcase name="Example #1.23" classname="Examples" time="0.004">
    <failure message="expected: &lt;FizzFizz&gt; but was: &lt;Fizz&gt;" type="org.opentest4j.AssertionFailedError"><![CDATA[org.opentest4j.AssertionFailedError: expected: <FizzFizz> but was: <Fizz>
	at fr.isep.fizzbuzz.FizzBuzzStepDefinitions.the_result_should_be(FizzBuzzStepDefinitions.java:31)
	at ✽.the result should be "FizzFizz"(classpath:features/fizzbuzz.feature:9)
]]></failure>
  </testcase>
  <testcase name="Example #1.24" classname="Examples" time="0.003"/>
  <testcase name="Example #1.25" classname="Examples" time="0.001">
    <failure message="expected: &lt;BuzzBuzz&gt; but was: &lt;Buzz&gt;" type="org.opentest4j.AssertionFailedError"><![CDATA[org.opentest4j.AssertionFailedError: expected: <BuzzBuzz> but was: <Buzz>
	at fr.isep.fizzbuzz.FizzBuzzStepDefinitions.the_result_should_be(FizzBuzzStepDefinitions.java:31)
	at ✽.the result should be "BuzzBuzz"(classpath:features/fizzbuzz.feature:9)
]]></failure>
  </testcase>
  <testcase name="Example #1.26" classname="Examples" time="0.0"/>
  <testcase name="Example #1.27" classname="Examples" time="0.007"/>
  <testcase name="Example #1.28" classname="Examples" time="0.004"/>
  <testcase name="Example #1.29" classname="Examples" time="0.002"/>
  <testcase name="Example #1.30" classname="Examples" time="0.003">
    <failure message="expected: &lt;FizzFizzBuzz&gt; but was: &lt;FizzBuzz&gt;" type="org.opentest4j.AssertionFailedError"><![CDATA[org.opentest4j.AssertionFailedError: expected: <FizzFizzBuzz> but was: <FizzBuzz>
	at fr.isep.fizzbuzz.FizzBuzzStepDefinitions.the_result_should_be(FizzBuzzStepDefinitions.java:31)
	at ✽.the result should be "FizzFizzBuzz"(classpath:features/fizzbuzz.feature:9)
]]></failure>
  </testcase>
  <testcase name="Example #1.31" classname="Examples" time="0.006">
    <failure message="expected: &lt;FizzFizz&gt; but was: &lt;Fizz&gt;" type="org.opentest4j.AssertionFailedError"><![CDATA[org.opentest4j.AssertionFailedError: expected: <FizzFizz> but was: <Fizz>
	at fr.isep.fizzbuzz.FizzBuzzStepDefinitions.the_result_should_be(FizzBuzzStepDefinitions.java:31)
	at ✽.the result should be "FizzFizz"(classpath:features/fizzbuzz.feature:9)
]]></failure>
  </testcase>
  <testcase name="Example #1.32" classname="Examples" time="0.0">
    <failure message="expected: &lt;FizzFizz&gt; but was: &lt;Fizz&gt;" type="org.opentest4j.AssertionFailedError"><![CDATA[org.opentest4j.AssertionFailedError: expected: <FizzFizz> but was: <Fizz>
	at fr.isep.fizzbuzz.FizzBuzzStepDefinitions.the_result_should_be(FizzBuzzStepDefinitions.java:31)
	at ✽.the result should be "FizzFizz"(classpath:features/fizzbuzz.feature:9)
]]></failure>
  </testcase>
  <testcase name="Example #1.33" classname="Examples" time="0.011">
    <failure message="expected: &lt;FizzFizzFizz&gt; but was: &lt;Fizz&gt;" type="org.opentest4j.AssertionFailedError"><![CDATA[org.opentest4j.AssertionFailedError: expected: <FizzFizzFizz> but was: <Fizz>
	at fr.isep.fizzbuzz.FizzBuzzStepDefinitions.the_result_should_be(FizzBuzzStepDefinitions.java:31)
	at ✽.the result should be "FizzFizzFizz"(classpath:features/fizzbuzz.feature:9)
]]></failure>
  </testcase>
  <testcase name="Example #1.34" classname="Examples" time="0.0">
    <failure message="expected: &lt;FizzFizz&gt; but was: &lt;Fizz&gt;" type="org.opentest4j.AssertionFailedError"><![CDATA[org.opentest4j.AssertionFailedError: expected: <FizzFizz> but was: <Fizz>
	at fr.isep.fizzbuzz.FizzBuzzStepDefinitions.the_result_should_be(FizzBuzzStepDefinitions.java:31)
	at ✽.the result should be "FizzFizz"(classpath:features/fizzbuzz.feature:9)
]]></failure>
  </testcase>
  <testcase name="Example #1.35" classname="Examples" time="0.009">
    <failure message="expected: &lt;FizzBuzzBuzz&gt; but was: &lt;FizzBuzz&gt;" type="org.opentest4j.AssertionFailedError"><![CDATA[org.opentest4j.AssertionFailedError: expected: <FizzBuzzBuzz> but was: <FizzBuzz>
	at fr.isep.fizzbuzz.FizzBuzzStepDefinitions.the_result_should_be(FizzBuzzStepDefinitions.java:31)
	at ✽.the result should be "FizzBuzzBuzz"(classpath:features/fizzbuzz.feature:9)
]]></failure>
  </testcase>
  <testcase name="Example #1.36" classname="Examples" time="0.003">
    <failure message="expected: &lt;FizzFizz&gt; but was: &lt;Fizz&gt;" type="org.opentest4j.AssertionFailedError"><![CDATA[org.opentest4j.AssertionFailedError: expected: <FizzFizz> but was: <Fizz>
	at fr.isep.fizzbuzz.FizzBuzzStepDefinitions.the_result_should_be(FizzBuzzStepDefinitions.java:31)
	at ✽.the result should be "FizzFizz"(classpath:features/fizzbuzz.feature:9)
]]></failure>
  </testcase>
  <testcase name="Example #1.37" classname="Examples" time="0.004">
    <failure message="expected: &lt;FizzFizz&gt; but was: &lt;Fizz&gt;" type="org.opentest4j.AssertionFailedError"><![CDATA[org.opentest4j.AssertionFailedError: expected: <FizzFizz> but was: <Fizz>
	at fr.isep.fizzbuzz.FizzBuzzStepDefinitions.the_result_should_be(FizzBuzzStepDefinitions.java:31)
	at ✽.the result should be "FizzFizz"(classpath:features/fizzbuzz.feature:9)
]]></failure>
  </testcase>
  <testcase name="Example #1.38" classname="Examples" time="0.0">
    <failure message="expected: &lt;FizzFizz&gt; but was: &lt;Fizz&gt;" type="org.opentest4j.AssertionFailedError"><![CDATA[org.opentest4j.AssertionFailedError: expected: <FizzFizz> but was: <Fizz>
	at fr.isep.fizzbuzz.FizzBuzzStepDefinitions.the_result_should_be(FizzBuzzStepDefinitions.java:31)
	at ✽.the result should be "FizzFizz"(classpath:features/fizzbuzz.feature:9)
]]></failure>
  </testcase>
  <testcase name="Example #1.39" classname="Examples" time="0.012">
    <failure message="expected: &lt;FizzFizz&gt; but was: &lt;Fizz&gt;" type="org.opentest4j.AssertionFailedError"><![CDATA[org.opentest4j.AssertionFailedError: expected: <FizzFizz> but was: <Fizz>
	at fr.isep.fizzbuzz.FizzBuzzStepDefinitions.the_result_should_be(FizzBuzzStepDefinitions.java:31)
	at ✽.the result should be "FizzFizz"(classpath:features/fizzbuzz.feature:9)
]]></failure>
  </testcase>
  <testcase name="Example #1.40" classname="Examples" time="0.004">
    <failure message="expected: &lt;BuzzBuzz&gt; but was: &lt;Buzz&gt;" type="org.opentest4j.AssertionFailedError"><![CDATA[org.opentest4j.AssertionFailedError: expected: <BuzzBuzz> but was: <Buzz>
	at fr.isep.fizzbuzz.FizzBuzzStepDefinitions.the_result_should_be(FizzBuzzStepDefinitions.java:31)
	at ✽.the result should be "BuzzBuzz"(classpath:features/fizzbuzz.feature:9)
]]></failure>
  </testcase>
  <testcase name="Example #1.41" classname="Examples" time="0.0"/>
  <testcase name="Example #1.42" classname="Examples" time="0.0"/>
  <testcase name="Example #1.43" classname="Examples" time="0.0">
    <failure message="expected: &lt;FizzFizz&gt; but was: &lt;Fizz&gt;" type="org.opentest4j.AssertionFailedError"><![CDATA[org.opentest4j.AssertionFailedError: expected: <FizzFizz> but was: <Fizz>
	at fr.isep.fizzbuzz.FizzBuzzStepDefinitions.the_result_should_be(FizzBuzzStepDefinitions.java:31)
	at ✽.the result should be "FizzFizz"(classpath:features/fizzbuzz.feature:9)
]]></failure>
  </testcase>
  <testcase name="Example #1.44" classname="Examples" time="0.0"/>
  <testcase name="Example #1.45" classname="Examples" time="0.004">
    <failure message="expected: &lt;FizzBuzzBuzz&gt; but was: &lt;FizzBuzz&gt;" type="org.opentest4j.AssertionFailedError"><![CDATA[org.opentest4j.AssertionFailedError: expected: <FizzBuzzBuzz> but was: <FizzBuzz>
	at fr.isep.fizzbuzz.FizzBuzzStepDefinitions.the_result_should_be(FizzBuzzStepDefinitions.java:31)
	at ✽.the result should be "FizzBuzzBuzz"(classpath:features/fizzbuzz.feature:9)
]]></failure>
  </testcase>
  <testcase name="Example #1.46" classname="Examples" time="0.002"/>
  <testcase name="Example #1.47" classname="Examples" time="0.0"/>
  <testcase name="Example #1.48" classname="Examples" time="0.005"/>
  <testcase name="Example #1.49" classname="Examples" time="0.002"/>
  <testcase name="Example #1.50" classname="Examples" time="0.006">
    <failure message="expected: &lt;BuzzBuzzBuzz&gt; but was: &lt;Buzz&gt;" type="org.opentest4j.AssertionFailedError"><![CDATA[org.opentest4j.AssertionFailedError: expected: <BuzzBuzzBuzz> but was: <Buzz>
	at fr.isep.fizzbuzz.FizzBuzzStepDefinitions.the_result_should_be(FizzBuzzStepDefinitions.java:31)
	at ✽.the result should be "BuzzBuzzBuzz"(classpath:features/fizzbuzz.feature:9)
]]></failure>
  </testcase>
  <testcase name="Example #1.51" classname="Examples" time="0.005">
    <failure message="expected: &lt;FizzFizzBuzz&gt; but was: &lt;FizzBuzz&gt;" type="org.opentest4j.AssertionFailedError"><![CDATA[org.opentest4j.AssertionFailedError: expected: <FizzFizzBuzz> but was: <FizzBuzz>
	at fr.isep.fizzbuzz.FizzBuzzStepDefinitions.the_result_should_be(FizzBuzzStepDefinitions.java:31)
	at ✽.the result should be "FizzFizzBuzz"(classpath:features/fizzbuzz.feature:9)
]]></failure>
  </testcase>
  <testcase name="Example #1.52" classname="Examples" time="0.0">
    <failure message="expected: &lt;BuzzBuzz&gt; but was: &lt;Buzz&gt;" type="org.opentest4j.AssertionFailedError"><![CDATA[org.opentest4j.AssertionFailedError: expected: <BuzzBuzz> but was: <Buzz>
	at fr.isep.fizzbuzz.FizzBuzzStepDefinitions.the_result_should_be(FizzBuzzStepDefinitions.java:31)
	at ✽.the result should be "BuzzBuzz"(classpath:features/fizzbuzz.feature:9)
]]></failure>
  </testcase>
  <testcase name="Example #1.53" classname="Examples" time="0.0">
    <failure message="expected: &lt;FizzFizzBuzzBuzz&gt; but was: &lt;FizzBuzz&gt;" type="org.opentest4j.AssertionFailedError"><![CDATA[org.opentest4j.AssertionFailedError: expected: <FizzFizzBuzzBuzz> but was: <FizzBuzz>
	at fr.isep.fizzbuzz.FizzBuzzStepDefinitions.the_result_should_be(FizzBuzzStepDefinitions.java:31)
	at ✽.the result should be "FizzFizzBuzzBuzz"(classpath:features/fizzbuzz.feature:9)
]]></failure>
  </testcase>
  <testcase name="Example #1.54" classname="Examples" time="0.016">
    <failure message="expected: &lt;FizzFizzBuzz&gt; but was: &lt;FizzBuzz&gt;" type="org.opentest4j.AssertionFailedError"><![CDATA[org.opentest4j.AssertionFailedError: expected: <FizzFizzBuzz> but was: <FizzBuzz>
	at fr.isep.fizzbuzz.FizzBuzzStepDefinitions.the_result_should_be(FizzBuzzStepDefinitions.java:31)
	at ✽.the result should be "FizzFizzBuzz"(classpath:features/fizzbuzz.feature:9)
]]></failure>
  </testcase>
  <testcase name="Example #1.55" classname="Examples" time="0.007">
    <failure message="expected: &lt;BuzzBuzzBuzz&gt; but was: &lt;Buzz&gt;" type="org.opentest4j.AssertionFailedError"><![CDATA[org.opentest4j.AssertionFailedError: expected: <BuzzBuzzBuzz> but was: <Buzz>
	at fr.isep.fizzbuzz.FizzBuzzStepDefinitions.the_result_should_be(FizzBuzzStepDefinitions.java:31)
	at ✽.the result should be "BuzzBuzzBuzz"(classpath:features/fizzbuzz.feature:9)
]]></failure>
  </testcase>
  <testcase name="Example #1.56" classname="Examples" time="0.003">
    <failure message="expected: &lt;BuzzBuzz&gt; but was: &lt;Buzz&gt;" type="org.opentest4j.AssertionFailedError"><![CDATA[org.opentest4j.AssertionFailedError: expected: <BuzzBuzz> but was: <Buzz>
	at fr.isep.fizzbuzz.FizzBuzzStepDefinitions.the_result_should_be(FizzBuzzStepDefinitions.java:31)
	at ✽.the result should be "BuzzBuzz"(classpath:features/fizzbuzz.feature:9)
]]></failure>
  </testcase>
  <testcase name="Example #1.57" classname="Examples" time="0.003">
    <failure message="expected: &lt;FizzFizzBuzz&gt; but was: &lt;FizzBuzz&gt;" type="org.opentest4j.AssertionFailedError"><![CDATA[org.opentest4j.AssertionFailedError: expected: <FizzFizzBuzz> but was: <FizzBuzz>
	at fr.isep.fizzbuzz.FizzBuzzStepDefinitions.the_result_should_be(FizzBuzzStepDefinitions.java:31)
	at ✽.the result should be "FizzFizzBuzz"(classpath:features/fizzbuzz.feature:9)
]]></failure>
  </testcase>
  <testcase name="Example #1.58" classname="Examples" time="0.0">
    <failure message="expected: &lt;BuzzBuzz&gt; but was: &lt;Buzz&gt;" type="org.opentest4j.AssertionFailedError"><![CDATA[org.opentest4j.AssertionFailedError: expected: <BuzzBuzz> but was: <Buzz>
	at fr.isep.fizzbuzz.FizzBuzzStepDefinitions.the_result_should_be(FizzBuzzStepDefinitions.java:31)
	at ✽.the result should be "BuzzBuzz"(classpath:features/fizzbuzz.feature:9)
]]></failure>
  </testcase>
  <testcase name="Example #1.59" classname="Examples" time="0.008">
    <failure message="expected: &lt;BuzzBuzz&gt; but was: &lt;Buzz&gt;" type="org.opentest4j.AssertionFailedError"><![CDATA[org.opentest4j.AssertionFailedError: expected: <BuzzBuzz> but was: <Buzz>
	at fr.isep.fizzbuzz.FizzBuzzStepDefinitions.the_result_should_be(FizzBuzzStepDefinitions.java:31)
	at ✽.the result should be "BuzzBuzz"(classpath:features/fizzbuzz.feature:9)
]]></failure>
  </testcase>
  <testcase name="Example #1.60" classname="Examples" time="0.002">
    <failure message="expected: &lt;FizzBuzzBuzz&gt; but was: &lt;FizzBuzz&gt;" type="org.opentest4j.AssertionFailedError"><![CDATA[org.opentest4j.AssertionFailedError: expected: <FizzBuzzBuzz> but was: <FizzBuzz>
	at fr.isep.fizzbuzz.FizzBuzzStepDefinitions.the_result_should_be(FizzBuzzStepDefinitions.java:31)
	at ✽.the result should be "FizzBuzzBuzz"(classpath:features/fizzbuzz.feature:9)
]]></failure>
  </testcase>
  <testcase name="Example #1.61" classname="Examples" time="0.009"/>
  <testcase name="Example #1.62" classname="Examples" time="0.0"/>
  <testcase name="Example #1.63" classname="Examples" time="0.006">
    <failure message="expected: &lt;FizzFizz&gt; but was: &lt;Fizz&gt;" type="org.opentest4j.AssertionFailedError"><![CDATA[org.opentest4j.AssertionFailedError: expected: <FizzFizz> but was: <Fizz>
	at fr.isep.fizzbuzz.FizzBuzzStepDefinitions.the_result_should_be(FizzBuzzStepDefinitions.java:31)
	at ✽.the result should be "FizzFizz"(classpath:features/fizzbuzz.feature:9)
]]></failure>
  </testcase>
  <testcase name="Example #1.64" classname="Examples" time="0.0"/>
  <testcase name="Example #1.65" classname="Examples" time="0.006">
    <failure message="expected: &lt;BuzzBuzzBuzz&gt; but was: &lt;Buzz&gt;" type="org.opentest4j.AssertionFailedError"><![CDATA[org.opentest4j.AssertionFailedError: expected: <BuzzBuzzBuzz> but was: <Buzz>
	at fr.isep.fizzbuzz.FizzBuzzStepDefinitions.the_result_should_be(FizzBuzzStepDefinitions.java:31)
	at ✽.the result should be "BuzzBuzzBuzz"(classpath:features/fizzbuzz.feature:9)
]]></failure>
  </testcase>
  <testcase name="Example #1.66" classname="Examples" time="0.0"/>
  <testcase name="Example #1.67" classname="Examples" time="0.0"/>
  <testcase name="Example #1.68" classname="Examples" time="0.002"/>
  <testcase name="Example #1.69" classname="Examples" time="0.0"/>
  <testcase name="Example #1.70" classname="Examples" time="0.002">
    <failure message="expected: &lt;BuzzBuzz&gt; but was: &lt;Buzz&gt;" type="org.opentest4j.AssertionFailedError"><![CDATA[org.opentest4j.AssertionFailedError: expected: <BuzzBuzz> but was: <Buzz>
	at fr.isep.fizzbuzz.FizzBuzzStepDefinitions.the_result_should_be(FizzBuzzStepDefinitions.java:31)
	at ✽.the result should be "BuzzBuzz"(classpath:features/fizzbuzz.feature:9)
]]></failure>
  </testcase>
  <testcase name="Example #1.71" classname="Examples" time="0.0"/>
  <testcase name="Example #1.72" classname="Examples" time="0.0"/>
  <testcase name="Example #1.73" classname="Examples" time="0.01">
    <failure message="expected: &lt;FizzFizz&gt; but was: &lt;Fizz&gt;" type="org.opentest4j.AssertionFailedError"><![CDATA[org.opentest4j.AssertionFailedError: expected: <FizzFizz> but was: <Fizz>
	at fr.isep.fizzbuzz.FizzBuzzStepDefinitions.the_result_should_be(FizzBuzzStepDefinitions.java:31)
	at ✽.the result should be "FizzFizz"(classpath:features/fizzbuzz.feature:9)
]]></failure>
  </testcase>
  <testcase name="Example #1.74" classname="Examples" time="0.001"/>
  <testcase name="Example #1.75" classname="Examples" time="0.002">
    <failure message="expected: &lt;FizzBuzzBuzzBuzz&gt; but was: &lt;FizzBuzz&gt;" type="org.opentest4j.AssertionFailedError"><![CDATA[org.opentest4j.AssertionFailedError: expected: <FizzBuzzBuzzBuzz> but was: <FizzBuzz>
	at fr.isep.fizzbuzz.FizzBuzzStepDefinitions.the_result_should_be(FizzBuzzStepDefinitions.java:31)
	at ✽.the result should be "FizzBuzzBuzzBuzz"(classpath:features/fizzbuzz.feature:9)
]]></failure>
  </testcase>
  <testcase name="Example #1.76" classname="Examples" time="0.002"/>
  <testcase name="Example #1.77" classname="Examples" time="0.001"/>
  <testcase name="Example #1.78" classname="Examples" time="0.004">
    <failure message="expected: &lt;FizzFizz&gt; but was: &lt;Fizz&gt;" type="org.opentest4j.AssertionFailedError"><![CDATA[org.opentest4j.AssertionFailedError: expected: <FizzFizz> but was: <Fizz>
	at fr.isep.fizzbuzz.FizzBuzzStepDefinitions.the_result_should_be(FizzBuzzStepDefinitions.java:31)
	at ✽.the result should be "FizzFizz"(classpath:features/fizzbuzz.feature:9)
]]></failure>
  </testcase>
  <testcase name="Example #1.79" classname="Examples" time="0.004"/>
  <testcase name="Example #1.80" classname="Examples" time="0.0">
    <failure message="expected: &lt;BuzzBuzz&gt; but was: &lt;Buzz&gt;" type="org.opentest4j.AssertionFailedError"><![CDATA[org.opentest4j.AssertionFailedError: expected: <BuzzBuzz> but was: <Buzz>
	at fr.isep.fizzbuzz.FizzBuzzStepDefinitions.the_result_should_be(FizzBuzzStepDefinitions.java:31)
	at ✽.the result should be "BuzzBuzz"(classpath:features/fizzbuzz.feature:9)
]]></failure>
  </testcase>
  <testcase name="Example #1.81" classname="Examples" time="0.0"/>
  <testcase name="Example #1.82" classname="Examples" time="0.007"/>
  <testcase name="Example #1.83" classname="Examples" time="0.002">
    <failure message="expected: &lt;FizzFizz&gt; but was: &lt;Fizz&gt;" type="org.opentest4j.AssertionFailedError"><![CDATA[org.opentest4j.AssertionFailedError: expected: <FizzFizz> but was: <Fizz>
	at fr.isep.fizzbuzz.FizzBuzzStepDefinitions.the_result_should_be(FizzBuzzStepDefinitions.java:31)
	at ✽.the result should be "FizzFizz"(classpath:features/fizzbuzz.feature:9)
]]></failure>
  </testcase>
  <testcase name="Example #1.84" classname="Examples" time="0.0"/>
  <testcase name="Example #1.85" classname="Examples" time="0.0">
    <failure message="expected: &lt;BuzzBuzzBuzz&gt; but was: &lt;Buzz&gt;" type="org.opentest4j.AssertionFailedError"><![CDATA[org.opentest4j.AssertionFailedError: expected: <BuzzBuzzBuzz> but was: <Buzz>
	at fr.isep.fizzbuzz.FizzBuzzStepDefinitions.the_result_should_be(FizzBuzzStepDefinitions.java:31)
	at ✽.the result should be "BuzzBuzzBuzz"(classpath:features/fizzbuzz.feature:9)
]]></failure>
  </testcase>
  <testcase name="Example #1.86" classname="Examples" time="0.0"/>
  <testcase name="Example #1.87" classname="Examples" time="0.0"/>
  <testcase name="Example #1.88" classname="Examples" time="0.014"/>
  <testcase name="Example #1.89" classname="Examples" time="0.002"/>
  <testcase name="Example #1.90" classname="Examples" time="0.002">
    <failure message="expected: &lt;FizzBuzzBuzz&gt; but was: &lt;FizzBuzz&gt;" type="org.opentest4j.AssertionFailedError"><![CDATA[org.opentest4j.AssertionFailedError: expected: <FizzBuzzBuzz> but was: <FizzBuzz>
	at fr.isep.fizzbuzz.FizzBuzzStepDefinitions.the_result_should_be(FizzBuzzStepDefinitions.java:31)
	at ✽.the result should be "FizzBuzzBuzz"(classpath:features/fizzbuzz.feature:9)
]]></failure>
  </testcase>
  <testcase name="Example #1.91" classname="Examples" time="0.0"/>
  <testcase name="Example #1.92" classname="Examples" time="0.0"/>
  <testcase name="Example #1.93" classname="Examples" time="0.0">
    <failure message="expected: &lt;FizzFizz&gt; but was: &lt;Fizz&gt;" type="org.opentest4j.AssertionFailedError"><![CDATA[org.opentest4j.AssertionFailedError: expected: <FizzFizz> but was: <Fizz>
	at fr.isep.fizzbuzz.FizzBuzzStepDefinitions.the_result_should_be(FizzBuzzStepDefinitions.java:31)
	at ✽.the result should be "FizzFizz"(classpath:features/fizzbuzz.feature:9)
]]></failure>
  </testcase>
  <testcase name="Example #1.94" classname="Examples" time="0.0"/>
  <testcase name="Example #1.95" classname="Examples" time="0.014">
    <failure message="expected: &lt;BuzzBuzzBuzz&gt; but was: &lt;Buzz&gt;" type="org.opentest4j.AssertionFailedError"><![CDATA[org.opentest4j.AssertionFailedError: expected: <BuzzBuzzBuzz> but was: <Buzz>
	at fr.isep.fizzbuzz.FizzBuzzStepDefinitions.the_result_should_be(FizzBuzzStepDefinitions.java:31)
	at ✽.the result should be "BuzzBuzzBuzz"(classpath:features/fizzbuzz.feature:9)
]]></failure>
  </testcase>
  <testcase name="Example #1.96" classname="Examples" time="0.002"/>
  <testcase name="Example #1.97" classname="Examples" time="0.0"/>
  <testcase name="Example #1.98" classname="Examples" time="0.005"/>
  <testcase name="Example #1.99" classname="Examples" time="0.002"/>
  <testcase name="Example #1.100" classname="Examples" time="0.002">
    <failure message="expected: &lt;BuzzBuzzBuzz&gt; but was: &lt;Buzz&gt;" type="org.opentest4j.AssertionFailedError"><![CDATA[org.opentest4j.AssertionFailedError: expected: <BuzzBuzzBuzz> but was: <Buzz>
	at fr.isep.fizzbuzz.FizzBuzzStepDefinitions.the_result_should_be(FizzBuzzStepDefinitions.java:31)
	at ✽.the result should be "BuzzBuzzBuzz"(classpath:features/fizzbuzz.feature:9)
]]></failure>
  </testcase>
</testsuite>